### Parameters ----------------------------------
	epochs : 1000
	batch_size : 128
	learning_rate : 1e-07
	dropout_rate : 0.5
	alphabet : abcdefghijklmnopqrstuvwxyz0123456789-,;.!?:'"/\|_@#$%^&*~`+-=<>()[]{}

	char_max_length : 500
	num_of_classes : 3
	input_num_of_rows : 1
	filter_sizes : (7, 7, 3, 3, 3, 3)
	num_filters_per_size : 256
	num_quantized_chars : 70
### Values of Graph  ----------------------------------
	<tf.Variable 'conv-maxpool-1/conv2d/kernel:0' shape=(70, 7, 1, 256) dtype=float32_ref>
	<tf.Variable 'conv-maxpool-1/conv2d/bias:0' shape=(256,) dtype=float32_ref>
	<tf.Variable 'conv-maxpool-2/conv2d/kernel:0' shape=(1, 7, 256, 256) dtype=float32_ref>
	<tf.Variable 'conv-maxpool-2/conv2d/bias:0' shape=(256,) dtype=float32_ref>
	<tf.Variable 'conv-3/conv2d/kernel:0' shape=(1, 3, 256, 256) dtype=float32_ref>
	<tf.Variable 'conv-3/conv2d/bias:0' shape=(256,) dtype=float32_ref>
	<tf.Variable 'conv-4/conv2d/kernel:0' shape=(1, 3, 256, 256) dtype=float32_ref>
	<tf.Variable 'conv-4/conv2d/bias:0' shape=(256,) dtype=float32_ref>
	<tf.Variable 'conv-5/conv2d/kernel:0' shape=(1, 3, 256, 256) dtype=float32_ref>
	<tf.Variable 'conv-5/conv2d/bias:0' shape=(256,) dtype=float32_ref>
	<tf.Variable 'conv-maxpool-6/conv2d/kernel:0' shape=(1, 3, 256, 256) dtype=float32_ref>
	<tf.Variable 'conv-maxpool-6/conv2d/bias:0' shape=(256,) dtype=float32_ref>
	<tf.Variable 'fc-1/dense/kernel:0' shape=(3584, 1024) dtype=float32_ref>
	<tf.Variable 'fc-1/dense/bias:0' shape=(1024,) dtype=float32_ref>
	<tf.Variable 'fc-2/dense/kernel:0' shape=(1024, 1024) dtype=float32_ref>
	<tf.Variable 'fc-2/dense/bias:0' shape=(1024,) dtype=float32_ref>
	<tf.Variable 'fc-3/dense/kernel:0' shape=(1024, 1024) dtype=float32_ref>
	<tf.Variable 'fc-3/dense/bias:0' shape=(1024,) dtype=float32_ref>
	<tf.Variable 'dense/kernel:0' shape=(1024, 3) dtype=float32_ref>
	<tf.Variable 'dense/bias:0' shape=(3,) dtype=float32_ref>
--------------------------------------------------------------------
